[ 2018-02-23T15:31:11+08:00 ] ::1 /blog-system/Public/css/sign-in.css
INFO: [ app_init ] --START--
INFO: Run Behavior\BuildLiteBehavior [ RunTime:0.000060s ]
INFO: [ app_init ] --END-- [ RunTime:0.001737s ]
ERR: 无法加载模块:Public

[ 2018-02-23T15:31:12+08:00 ] ::1 /blog-system/Public/css/sign-in.css
INFO: [ app_init ] --START--
INFO: Run Behavior\BuildLiteBehavior [ RunTime:0.000061s ]
INFO: [ app_init ] --END-- [ RunTime:0.000987s ]
ERR: 无法加载模块:Public

[ 2018-02-23T15:41:18+08:00 ] ::1 /blog-system/Public/css/sign-in.css
INFO: [ app_init ] --START--
INFO: Run Behavior\BuildLiteBehavior [ RunTime:0.000059s ]
INFO: [ app_init ] --END-- [ RunTime:0.001425s ]
ERR: 无法加载模块:Public

[ 2018-02-23T15:41:18+08:00 ] ::1 /blog-system/Public/css/sign-in.css
INFO: [ app_init ] --START--
INFO: Run Behavior\BuildLiteBehavior [ RunTime:0.000061s ]
INFO: [ app_init ] --END-- [ RunTime:0.003312s ]
ERR: 无法加载模块:Public

[ 2018-02-23T16:27:05+08:00 ] ::1 /dblog/Public/css/footer.css
INFO: [ app_init ] --START--
INFO: Run Behavior\BuildLiteBehavior [ RunTime:0.000129s ]
INFO: [ app_init ] --END-- [ RunTime:0.003535s ]
ERR: 无法加载模块:Public

[ 2018-02-23T16:27:05+08:00 ] ::1 /dblog/Public/css/footer.css
INFO: [ app_init ] --START--
INFO: Run Behavior\BuildLiteBehavior [ RunTime:0.000061s ]
INFO: [ app_init ] --END-- [ RunTime:0.001511s ]
ERR: 无法加载模块:Public

[ 2018-02-23T16:27:18+08:00 ] ::1 /dblog/Public/css/footer.css
INFO: [ app_init ] --START--
INFO: Run Behavior\BuildLiteBehavior [ RunTime:0.000062s ]
INFO: [ app_init ] --END-- [ RunTime:0.001290s ]
ERR: 无法加载模块:Public

[ 2018-02-23T16:27:19+08:00 ] ::1 /dblog/Public/css/footer.css
INFO: [ app_init ] --START--
INFO: Run Behavior\BuildLiteBehavior [ RunTime:0.000069s ]
INFO: [ app_init ] --END-- [ RunTime:0.003023s ]
ERR: 无法加载模块:Public

[ 2018-02-23T16:30:41+08:00 ] ::1 /dblog/Public/css/footer.css
INFO: [ app_init ] --START--
INFO: Run Behavior\BuildLiteBehavior [ RunTime:0.000058s ]
INFO: [ app_init ] --END-- [ RunTime:0.001330s ]
ERR: 无法加载模块:Public

[ 2018-02-23T16:30:41+08:00 ] ::1 /dblog/Public/css/footer.css
INFO: [ app_init ] --START--
INFO: Run Behavior\BuildLiteBehavior [ RunTime:0.000082s ]
INFO: [ app_init ] --END-- [ RunTime:0.002877s ]
ERR: 无法加载模块:Public

[ 2018-02-23T16:32:11+08:00 ] ::1 /dblog/Public/css/footer.css
INFO: [ app_init ] --START--
INFO: Run Behavior\BuildLiteBehavior [ RunTime:0.000069s ]
INFO: [ app_init ] --END-- [ RunTime:0.001686s ]
ERR: 无法加载模块:Public

[ 2018-02-23T16:32:11+08:00 ] ::1 /dblog/Public/css/footer.css
INFO: [ app_init ] --START--
INFO: Run Behavior\BuildLiteBehavior [ RunTime:0.000038s ]
INFO: [ app_init ] --END-- [ RunTime:0.001052s ]
ERR: 无法加载模块:Public

[ 2018-02-23T16:46:29+08:00 ] ::1 /dblog/Public/css/header.css
INFO: [ app_init ] --START--
INFO: Run Behavior\BuildLiteBehavior [ RunTime:0.000070s ]
INFO: [ app_init ] --END-- [ RunTime:0.001416s ]
ERR: 无法加载模块:Public

[ 2018-02-23T16:46:29+08:00 ] ::1 /dblog/Public/css/footer.css
INFO: [ app_init ] --START--
INFO: Run Behavior\BuildLiteBehavior [ RunTime:0.000222s ]
INFO: [ app_init ] --END-- [ RunTime:0.002245s ]
ERR: 无法加载模块:Public

[ 2018-02-23T16:47:11+08:00 ] ::1 /dblog/Public/css/header.css
INFO: [ app_init ] --START--
INFO: Run Behavior\BuildLiteBehavior [ RunTime:0.000060s ]
INFO: [ app_init ] --END-- [ RunTime:0.001186s ]
ERR: 无法加载模块:Public

[ 2018-02-23T16:47:11+08:00 ] ::1 /dblog/Public/css/footer.css
INFO: [ app_init ] --START--
INFO: Run Behavior\BuildLiteBehavior [ RunTime:0.000073s ]
INFO: [ app_init ] --END-- [ RunTime:0.002763s ]
ERR: 无法加载模块:Public

[ 2018-02-23T16:47:14+08:00 ] ::1 /dblog/Public/css/header.css
INFO: [ app_init ] --START--
INFO: Run Behavior\BuildLiteBehavior [ RunTime:0.000061s ]
INFO: [ app_init ] --END-- [ RunTime:0.001607s ]
ERR: 无法加载模块:Public

[ 2018-02-23T16:47:14+08:00 ] ::1 /dblog/Public/css/footer.css
INFO: [ app_init ] --START--
INFO: Run Behavior\BuildLiteBehavior [ RunTime:0.000063s ]
INFO: [ app_init ] --END-- [ RunTime:0.001264s ]
ERR: 无法加载模块:Public

[ 2018-02-23T16:47:14+08:00 ] ::1 /dblog/Public/css/header.css
INFO: [ app_init ] --START--
INFO: Run Behavior\BuildLiteBehavior [ RunTime:0.000077s ]
INFO: [ app_init ] --END-- [ RunTime:0.003787s ]
ERR: 无法加载模块:Public

[ 2018-02-23T16:47:14+08:00 ] ::1 /dblog/Public/css/footer.css
INFO: [ app_init ] --START--
INFO: Run Behavior\BuildLiteBehavior [ RunTime:0.000175s ]
INFO: [ app_init ] --END-- [ RunTime:0.002834s ]
ERR: 无法加载模块:Public

[ 2018-02-23T16:47:45+08:00 ] ::1 /dblog/Public/css/header.css
INFO: [ app_init ] --START--
INFO: Run Behavior\BuildLiteBehavior [ RunTime:0.000061s ]
INFO: [ app_init ] --END-- [ RunTime:0.001268s ]
ERR: 无法加载模块:Public

[ 2018-02-23T16:47:45+08:00 ] ::1 /dblog/Public/css/footer.css
INFO: [ app_init ] --START--
INFO: Run Behavior\BuildLiteBehavior [ RunTime:0.000062s ]
INFO: [ app_init ] --END-- [ RunTime:0.003514s ]
ERR: 无法加载模块:Public

[ 2018-02-23T16:47:45+08:00 ] ::1 /dblog/Public/css/header.css
INFO: [ app_init ] --START--
INFO: Run Behavior\BuildLiteBehavior [ RunTime:0.000033s ]
INFO: [ app_init ] --END-- [ RunTime:0.000827s ]
ERR: 无法加载模块:Public

[ 2018-02-23T16:47:45+08:00 ] ::1 /dblog/Public/css/footer.css
INFO: [ app_init ] --START--
INFO: Run Behavior\BuildLiteBehavior [ RunTime:0.000036s ]
INFO: [ app_init ] --END-- [ RunTime:0.000715s ]
ERR: 无法加载模块:Public

[ 2018-02-23T16:48:04+08:00 ] ::1 /dblog/Public/css/header.css
INFO: [ app_init ] --START--
INFO: Run Behavior\BuildLiteBehavior [ RunTime:0.000068s ]
INFO: [ app_init ] --END-- [ RunTime:0.001424s ]
ERR: 无法加载模块:Public

[ 2018-02-23T16:48:04+08:00 ] ::1 /dblog/Public/js/submit.js
INFO: [ app_init ] --START--
INFO: Run Behavior\BuildLiteBehavior [ RunTime:0.000059s ]
INFO: [ app_init ] --END-- [ RunTime:0.002976s ]
ERR: 无法加载模块:Public

[ 2018-02-23T16:48:04+08:00 ] ::1 /dblog/Public/css/footer.css
INFO: [ app_init ] --START--
INFO: Run Behavior\BuildLiteBehavior [ RunTime:0.000056s ]
INFO: [ app_init ] --END-- [ RunTime:0.007255s ]
ERR: 无法加载模块:Public

[ 2018-02-23T16:48:05+08:00 ] ::1 /dblog/Public/css/header.css
INFO: [ app_init ] --START--
INFO: Run Behavior\BuildLiteBehavior [ RunTime:0.000033s ]
INFO: [ app_init ] --END-- [ RunTime:0.000726s ]
ERR: 无法加载模块:Public

[ 2018-02-23T16:48:05+08:00 ] ::1 /dblog/Public/js/submit.js
INFO: [ app_init ] --START--
INFO: Run Behavior\BuildLiteBehavior [ RunTime:0.000044s ]
INFO: [ app_init ] --END-- [ RunTime:0.001271s ]
ERR: 无法加载模块:Public

[ 2018-02-23T17:05:15+08:00 ] ::1 /dblog/Public/css/header.css
INFO: [ app_init ] --START--
INFO: Run Behavior\BuildLiteBehavior [ RunTime:0.000065s ]
INFO: [ app_init ] --END-- [ RunTime:0.001453s ]
ERR: 无法加载模块:Public

[ 2018-02-23T17:05:15+08:00 ] ::1 /dblog/Public/js/submit.js
INFO: [ app_init ] --START--
INFO: Run Behavior\BuildLiteBehavior [ RunTime:0.000064s ]
INFO: [ app_init ] --END-- [ RunTime:0.001948s ]
ERR: 无法加载模块:Public

[ 2018-02-23T17:05:15+08:00 ] ::1 /dblog/Public/css/footer.css
INFO: [ app_init ] --START--
INFO: Run Behavior\BuildLiteBehavior [ RunTime:0.000063s ]
INFO: [ app_init ] --END-- [ RunTime:0.001403s ]
ERR: 无法加载模块:Public

[ 2018-02-23T17:05:15+08:00 ] ::1 /dblog/Public/js/submit.js
INFO: [ app_init ] --START--
INFO: Run Behavior\BuildLiteBehavior [ RunTime:0.001118s ]
INFO: [ app_init ] --END-- [ RunTime:0.002592s ]
ERR: 无法加载模块:Public

[ 2018-02-23T17:05:30+08:00 ] ::1 /dblog/Public/css/header.css
INFO: [ app_init ] --START--
INFO: Run Behavior\BuildLiteBehavior [ RunTime:0.000065s ]
INFO: [ app_init ] --END-- [ RunTime:0.001593s ]
ERR: 无法加载模块:Public

[ 2018-02-23T17:05:30+08:00 ] ::1 /dblog/Public/css/footer.css
INFO: [ app_init ] --START--
INFO: Run Behavior\BuildLiteBehavior [ RunTime:0.000071s ]
INFO: [ app_init ] --END-- [ RunTime:0.006006s ]
ERR: 无法加载模块:Public

[ 2018-02-23T17:06:46+08:00 ] ::1 /dblog/Public/css/header.css
INFO: [ app_init ] --START--
INFO: Run Behavior\BuildLiteBehavior [ RunTime:0.000068s ]
INFO: [ app_init ] --END-- [ RunTime:0.001650s ]
ERR: 无法加载模块:Public

[ 2018-02-23T17:06:46+08:00 ] ::1 /dblog/Public/js/submit.js
INFO: [ app_init ] --START--
INFO: Run Behavior\BuildLiteBehavior [ RunTime:0.000063s ]
INFO: [ app_init ] --END-- [ RunTime:0.008354s ]
ERR: 无法加载模块:Public

[ 2018-02-23T17:06:46+08:00 ] ::1 /dblog/Public/css/footer.css
INFO: [ app_init ] --START--
INFO: Run Behavior\BuildLiteBehavior [ RunTime:0.000122s ]
INFO: [ app_init ] --END-- [ RunTime:0.001400s ]
ERR: 无法加载模块:Public

[ 2018-02-23T17:06:47+08:00 ] ::1 /dblog/Public/css/header.css
INFO: [ app_init ] --START--
INFO: Run Behavior\BuildLiteBehavior [ RunTime:0.000055s ]
INFO: [ app_init ] --END-- [ RunTime:0.001223s ]
ERR: 无法加载模块:Public

[ 2018-02-23T17:06:47+08:00 ] ::1 /dblog/Public/js/submit.js
INFO: [ app_init ] --START--
INFO: Run Behavior\BuildLiteBehavior [ RunTime:0.000035s ]
INFO: [ app_init ] --END-- [ RunTime:0.000994s ]
ERR: 无法加载模块:Public

[ 2018-02-23T17:07:23+08:00 ] ::1 /dblog/Public/css/header.css
INFO: [ app_init ] --START--
INFO: Run Behavior\BuildLiteBehavior [ RunTime:0.000059s ]
INFO: [ app_init ] --END-- [ RunTime:0.001197s ]
ERR: 无法加载模块:Public

[ 2018-02-23T17:07:23+08:00 ] ::1 /dblog/Public/css/footer.css
INFO: [ app_init ] --START--
INFO: Run Behavior\BuildLiteBehavior [ RunTime:0.000066s ]
INFO: [ app_init ] --END-- [ RunTime:0.001198s ]
ERR: 无法加载模块:Public

[ 2018-02-23T17:07:23+08:00 ] ::1 /dblog/Public/js/submit.js
INFO: [ app_init ] --START--
INFO: Run Behavior\BuildLiteBehavior [ RunTime:0.003938s ]
INFO: [ app_init ] --END-- [ RunTime:0.007028s ]
ERR: 无法加载模块:Public

[ 2018-02-23T17:07:23+08:00 ] ::1 /dblog/Public/css/header.css
INFO: [ app_init ] --START--
INFO: Run Behavior\BuildLiteBehavior [ RunTime:0.000042s ]
INFO: [ app_init ] --END-- [ RunTime:0.000911s ]
ERR: 无法加载模块:Public

[ 2018-02-23T17:07:24+08:00 ] ::1 /dblog/Public/js/submit.js
INFO: [ app_init ] --START--
INFO: Run Behavior\BuildLiteBehavior [ RunTime:0.000045s ]
INFO: [ app_init ] --END-- [ RunTime:0.001227s ]
ERR: 无法加载模块:Public

[ 2018-02-23T17:07:46+08:00 ] ::1 /dblog/Public/css/footer.css
INFO: [ app_init ] --START--
INFO: Run Behavior\BuildLiteBehavior [ RunTime:0.000071s ]
INFO: [ app_init ] --END-- [ RunTime:0.001128s ]
ERR: 无法加载模块:Public

[ 2018-02-23T17:07:46+08:00 ] ::1 /dblog/Public/css/header.css
INFO: [ app_init ] --START--
INFO: Run Behavior\BuildLiteBehavior [ RunTime:0.000060s ]
INFO: [ app_init ] --END-- [ RunTime:0.002340s ]
ERR: 无法加载模块:Public

[ 2018-02-23T17:13:57+08:00 ] ::1 /dblog/Public/css/header.css
INFO: [ app_init ] --START--
INFO: Run Behavior\BuildLiteBehavior [ RunTime:0.000064s ]
INFO: [ app_init ] --END-- [ RunTime:0.001309s ]
ERR: 无法加载模块:Public

[ 2018-02-23T17:13:57+08:00 ] ::1 /dblog/Public/css/footer.css
INFO: [ app_init ] --START--
INFO: Run Behavior\BuildLiteBehavior [ RunTime:0.000064s ]
INFO: [ app_init ] --END-- [ RunTime:0.008412s ]
ERR: 无法加载模块:Public

[ 2018-02-23T17:13:59+08:00 ] ::1 /dblog/Public/css/header.css
INFO: [ app_init ] --START--
INFO: Run Behavior\BuildLiteBehavior [ RunTime:0.000071s ]
INFO: [ app_init ] --END-- [ RunTime:0.011466s ]
ERR: 无法加载模块:Public

[ 2018-02-23T17:13:59+08:00 ] ::1 /dblog/Public/css/footer.css
INFO: [ app_init ] --START--
INFO: Run Behavior\BuildLiteBehavior [ RunTime:0.000162s ]
INFO: [ app_init ] --END-- [ RunTime:0.012975s ]
ERR: 无法加载模块:Public

[ 2018-02-23T17:13:59+08:00 ] ::1 /dblog/Public/css/header.css
INFO: [ app_init ] --START--
INFO: Run Behavior\BuildLiteBehavior [ RunTime:0.000133s ]
INFO: [ app_init ] --END-- [ RunTime:0.002589s ]
ERR: 无法加载模块:Public

[ 2018-02-23T17:14:01+08:00 ] ::1 /dblog/Public/css/footer.css
INFO: [ app_init ] --START--
INFO: Run Behavior\BuildLiteBehavior [ RunTime:0.000059s ]
INFO: [ app_init ] --END-- [ RunTime:0.001578s ]
ERR: 无法加载模块:Public

[ 2018-02-23T17:14:01+08:00 ] ::1 /dblog/Public/css/header.css
INFO: [ app_init ] --START--
INFO: Run Behavior\BuildLiteBehavior [ RunTime:0.000082s ]
INFO: [ app_init ] --END-- [ RunTime:0.001476s ]
ERR: 无法加载模块:Public

[ 2018-02-23T17:14:02+08:00 ] ::1 /dblog/Public/css/header.css
INFO: [ app_init ] --START--
INFO: Run Behavior\BuildLiteBehavior [ RunTime:0.000064s ]
INFO: [ app_init ] --END-- [ RunTime:0.000959s ]
ERR: 无法加载模块:Public

[ 2018-02-23T17:14:02+08:00 ] ::1 /dblog/Public/css/footer.css
INFO: [ app_init ] --START--
INFO: Run Behavior\BuildLiteBehavior [ RunTime:0.000040s ]
INFO: [ app_init ] --END-- [ RunTime:0.001609s ]
ERR: 无法加载模块:Public

[ 2018-02-23T17:18:52+08:00 ] ::1 /dblog/Public/css/header.css
INFO: [ app_init ] --START--
INFO: Run Behavior\BuildLiteBehavior [ RunTime:0.000067s ]
INFO: [ app_init ] --END-- [ RunTime:0.001248s ]
ERR: 无法加载模块:Public

[ 2018-02-23T17:18:52+08:00 ] ::1 /dblog/Public/css/footer.css
INFO: [ app_init ] --START--
INFO: Run Behavior\BuildLiteBehavior [ RunTime:0.000066s ]
INFO: [ app_init ] --END-- [ RunTime:0.007915s ]
ERR: 无法加载模块:Public

[ 2018-02-23T17:18:52+08:00 ] ::1 /dblog/Public/css/header.css
INFO: [ app_init ] --START--
INFO: Run Behavior\BuildLiteBehavior [ RunTime:0.000118s ]
INFO: [ app_init ] --END-- [ RunTime:0.002377s ]
ERR: 无法加载模块:Public

[ 2018-02-23T17:18:54+08:00 ] ::1 /dblog/Public/css/header.css
INFO: [ app_init ] --START--
INFO: Run Behavior\BuildLiteBehavior [ RunTime:0.000061s ]
INFO: [ app_init ] --END-- [ RunTime:0.002004s ]
ERR: 无法加载模块:Public

[ 2018-02-23T17:18:54+08:00 ] ::1 /dblog/Public/css/footer.css
INFO: [ app_init ] --START--
INFO: Run Behavior\BuildLiteBehavior [ RunTime:0.000057s ]
INFO: [ app_init ] --END-- [ RunTime:0.002023s ]
ERR: 无法加载模块:Public

[ 2018-02-23T17:18:54+08:00 ] ::1 /dblog/Public/css/header.css
INFO: [ app_init ] --START--
INFO: Run Behavior\BuildLiteBehavior [ RunTime:0.000062s ]
INFO: [ app_init ] --END-- [ RunTime:0.001981s ]
ERR: 无法加载模块:Public

[ 2018-02-23T17:18:57+08:00 ] ::1 /dblog/Public/css/footer.css
INFO: [ app_init ] --START--
INFO: Run Behavior\BuildLiteBehavior [ RunTime:0.000062s ]
INFO: [ app_init ] --END-- [ RunTime:0.001255s ]
ERR: 无法加载模块:Public

[ 2018-02-23T17:18:57+08:00 ] ::1 /dblog/Public/css/header.css
INFO: [ app_init ] --START--
INFO: Run Behavior\BuildLiteBehavior [ RunTime:0.000064s ]
INFO: [ app_init ] --END-- [ RunTime:0.001408s ]
ERR: 无法加载模块:Public

[ 2018-02-23T17:18:57+08:00 ] ::1 /dblog/Public/css/footer.css
INFO: [ app_init ] --START--
INFO: Run Behavior\BuildLiteBehavior [ RunTime:0.000143s ]
INFO: [ app_init ] --END-- [ RunTime:0.001735s ]
ERR: 无法加载模块:Public

[ 2018-02-23T17:20:12+08:00 ] ::1 /dblog/Public/css/footer.css
INFO: [ app_init ] --START--
INFO: Run Behavior\BuildLiteBehavior [ RunTime:0.000109s ]
INFO: [ app_init ] --END-- [ RunTime:0.002933s ]
ERR: 无法加载模块:Public

[ 2018-02-23T17:20:12+08:00 ] ::1 /dblog/Public/css/header.css
INFO: [ app_init ] --START--
INFO: Run Behavior\BuildLiteBehavior [ RunTime:0.000065s ]
INFO: [ app_init ] --END-- [ RunTime:0.002164s ]
ERR: 无法加载模块:Public

[ 2018-02-23T17:21:04+08:00 ] ::1 /dblog/Public/css/header.css
INFO: [ app_init ] --START--
INFO: Run Behavior\BuildLiteBehavior [ RunTime:0.000057s ]
INFO: [ app_init ] --END-- [ RunTime:0.001315s ]
ERR: 无法加载模块:Public

[ 2018-02-23T17:21:04+08:00 ] ::1 /dblog/Public/css/footer.css
INFO: [ app_init ] --START--
INFO: Run Behavior\BuildLiteBehavior [ RunTime:0.000058s ]
INFO: [ app_init ] --END-- [ RunTime:0.001455s ]
ERR: 无法加载模块:Public

[ 2018-02-23T17:21:58+08:00 ] ::1 /dblog/Public/css/footer.css
INFO: [ app_init ] --START--
INFO: Run Behavior\BuildLiteBehavior [ RunTime:0.000063s ]
INFO: [ app_init ] --END-- [ RunTime:0.002832s ]
ERR: 无法加载模块:Public

[ 2018-02-23T17:21:58+08:00 ] ::1 /dblog/Public/css/header.css
INFO: [ app_init ] --START--
INFO: Run Behavior\BuildLiteBehavior [ RunTime:0.000085s ]
INFO: [ app_init ] --END-- [ RunTime:0.002276s ]
ERR: 无法加载模块:Public

[ 2018-02-23T17:28:08+08:00 ] ::1 /dblog/Public/css/header.css
INFO: [ app_init ] --START--
INFO: Run Behavior\BuildLiteBehavior [ RunTime:0.000180s ]
INFO: [ app_init ] --END-- [ RunTime:0.001578s ]
ERR: 无法加载模块:Public

[ 2018-02-23T17:28:08+08:00 ] ::1 /dblog/Public/css/footer.css
INFO: [ app_init ] --START--
INFO: Run Behavior\BuildLiteBehavior [ RunTime:0.000038s ]
INFO: [ app_init ] --END-- [ RunTime:0.001145s ]
ERR: 无法加载模块:Public

[ 2018-02-23T17:28:08+08:00 ] ::1 /dblog/Public/css/header.css
INFO: [ app_init ] --START--
INFO: Run Behavior\BuildLiteBehavior [ RunTime:0.000215s ]
INFO: [ app_init ] --END-- [ RunTime:0.002361s ]
ERR: 无法加载模块:Public

[ 2018-02-23T17:28:26+08:00 ] ::1 /dblog/Public/css/header.css
INFO: [ app_init ] --START--
INFO: Run Behavior\BuildLiteBehavior [ RunTime:0.000062s ]
INFO: [ app_init ] --END-- [ RunTime:0.001222s ]
ERR: 无法加载模块:Public

[ 2018-02-23T17:28:26+08:00 ] ::1 /dblog/Public/css/footer.css
INFO: [ app_init ] --START--
INFO: Run Behavior\BuildLiteBehavior [ RunTime:0.000060s ]
INFO: [ app_init ] --END-- [ RunTime:0.001598s ]
ERR: 无法加载模块:Public

[ 2018-02-23T17:28:26+08:00 ] ::1 /dblog/Public/css/header.css
INFO: [ app_init ] --START--
INFO: Run Behavior\BuildLiteBehavior [ RunTime:0.000031s ]
INFO: [ app_init ] --END-- [ RunTime:0.000742s ]
ERR: 无法加载模块:Public

[ 2018-02-23T17:28:35+08:00 ] ::1 /dblog/Public/css/header.css
INFO: [ app_init ] --START--
INFO: Run Behavior\BuildLiteBehavior [ RunTime:0.000083s ]
INFO: [ app_init ] --END-- [ RunTime:0.003214s ]
ERR: 无法加载模块:Public

[ 2018-02-23T17:28:35+08:00 ] ::1 /dblog/Public/css/footer.css
INFO: [ app_init ] --START--
INFO: Run Behavior\BuildLiteBehavior [ RunTime:0.000036s ]
INFO: [ app_init ] --END-- [ RunTime:0.000991s ]
ERR: 无法加载模块:Public

[ 2018-02-23T17:43:07+08:00 ] ::1 /dblog/Public/css/footer.css
INFO: [ app_init ] --START--
INFO: Run Behavior\BuildLiteBehavior [ RunTime:0.000062s ]
INFO: [ app_init ] --END-- [ RunTime:0.001339s ]
ERR: 无法加载模块:Public

[ 2018-02-23T17:43:07+08:00 ] ::1 /dblog/Public/css/header.css
INFO: [ app_init ] --START--
INFO: Run Behavior\BuildLiteBehavior [ RunTime:0.000056s ]
INFO: [ app_init ] --END-- [ RunTime:0.001423s ]
ERR: 无法加载模块:Public

[ 2018-02-23T17:43:07+08:00 ] ::1 /dblog/Public/css/footer.css
INFO: [ app_init ] --START--
INFO: Run Behavior\BuildLiteBehavior [ RunTime:0.000038s ]
INFO: [ app_init ] --END-- [ RunTime:0.001270s ]
ERR: 无法加载模块:Public

[ 2018-02-23T17:43:36+08:00 ] ::1 /dblog/Public/css/header.css
INFO: [ app_init ] --START--
INFO: Run Behavior\BuildLiteBehavior [ RunTime:0.000113s ]
INFO: [ app_init ] --END-- [ RunTime:0.003701s ]
ERR: 无法加载模块:Public

[ 2018-02-23T17:43:36+08:00 ] ::1 /dblog/Public/css/footer.css
INFO: [ app_init ] --START--
INFO: Run Behavior\BuildLiteBehavior [ RunTime:0.000063s ]
INFO: [ app_init ] --END-- [ RunTime:0.006647s ]
ERR: 无法加载模块:Public

[ 2018-02-23T17:43:47+08:00 ] ::1 /dblog/Public/css/header.css
INFO: [ app_init ] --START--
INFO: Run Behavior\BuildLiteBehavior [ RunTime:0.000059s ]
INFO: [ app_init ] --END-- [ RunTime:0.001130s ]
ERR: 无法加载模块:Public

[ 2018-02-23T17:43:47+08:00 ] ::1 /dblog/Public/css/footer.css
INFO: [ app_init ] --START--
INFO: Run Behavior\BuildLiteBehavior [ RunTime:0.000035s ]
INFO: [ app_init ] --END-- [ RunTime:0.000905s ]
ERR: 无法加载模块:Public

[ 2018-02-23T17:43:48+08:00 ] ::1 /dblog/Public/css/header.css
INFO: [ app_init ] --START--
INFO: Run Behavior\BuildLiteBehavior [ RunTime:0.000034s ]
INFO: [ app_init ] --END-- [ RunTime:0.001242s ]
ERR: 无法加载模块:Public

[ 2018-02-23T17:44:07+08:00 ] ::1 /dblog/Public/css/header.css
INFO: [ app_init ] --START--
INFO: Run Behavior\BuildLiteBehavior [ RunTime:0.000060s ]
INFO: [ app_init ] --END-- [ RunTime:0.001302s ]
ERR: 无法加载模块:Public

[ 2018-02-23T17:44:07+08:00 ] ::1 /dblog/Public/css/footer.css
INFO: [ app_init ] --START--
INFO: Run Behavior\BuildLiteBehavior [ RunTime:0.000033s ]
INFO: [ app_init ] --END-- [ RunTime:0.000781s ]
ERR: 无法加载模块:Public

[ 2018-02-23T17:44:08+08:00 ] ::1 /dblog/Public/css/header.css
INFO: [ app_init ] --START--
INFO: Run Behavior\BuildLiteBehavior [ RunTime:0.000061s ]
INFO: [ app_init ] --END-- [ RunTime:0.001019s ]
ERR: 无法加载模块:Public

[ 2018-02-23T17:44:14+08:00 ] ::1 /dblog/Public/css/footer.css
INFO: [ app_init ] --START--
INFO: Run Behavior\BuildLiteBehavior [ RunTime:0.000063s ]
INFO: [ app_init ] --END-- [ RunTime:0.001239s ]
ERR: 无法加载模块:Public

[ 2018-02-23T17:44:14+08:00 ] ::1 /dblog/Public/css/header.css
INFO: [ app_init ] --START--
INFO: Run Behavior\BuildLiteBehavior [ RunTime:0.000064s ]
INFO: [ app_init ] --END-- [ RunTime:0.001257s ]
ERR: 无法加载模块:Public

[ 2018-02-23T17:44:25+08:00 ] ::1 /dblog/Public/css/header.css
INFO: [ app_init ] --START--
INFO: Run Behavior\BuildLiteBehavior [ RunTime:0.000060s ]
INFO: [ app_init ] --END-- [ RunTime:0.004219s ]
ERR: 无法加载模块:Public

[ 2018-02-23T17:44:25+08:00 ] ::1 /dblog/Public/css/footer.css
INFO: [ app_init ] --START--
INFO: Run Behavior\BuildLiteBehavior [ RunTime:0.000113s ]
INFO: [ app_init ] --END-- [ RunTime:0.006157s ]
ERR: 无法加载模块:Public

[ 2018-02-23T17:44:25+08:00 ] ::1 /dblog/Public/css/header.css
INFO: [ app_init ] --START--
INFO: Run Behavior\BuildLiteBehavior [ RunTime:0.000033s ]
INFO: [ app_init ] --END-- [ RunTime:0.000757s ]
ERR: 无法加载模块:Public

[ 2018-02-23T17:44:33+08:00 ] ::1 /dblog/Public/css/header.css
INFO: [ app_init ] --START--
INFO: Run Behavior\BuildLiteBehavior [ RunTime:0.000098s ]
INFO: [ app_init ] --END-- [ RunTime:0.002196s ]
ERR: 无法加载模块:Public

[ 2018-02-23T17:44:33+08:00 ] ::1 /dblog/Public/css/footer.css
INFO: [ app_init ] --START--
INFO: Run Behavior\BuildLiteBehavior [ RunTime:0.000126s ]
INFO: [ app_init ] --END-- [ RunTime:0.005316s ]
ERR: 无法加载模块:Public

[ 2018-02-23T17:44:34+08:00 ] ::1 /dblog/Public/css/header.css
INFO: [ app_init ] --START--
INFO: Run Behavior\BuildLiteBehavior [ RunTime:0.000090s ]
INFO: [ app_init ] --END-- [ RunTime:0.001497s ]
ERR: 无法加载模块:Public

[ 2018-02-23T17:44:34+08:00 ] ::1 /dblog/Public/css/footer.css
INFO: [ app_init ] --START--
INFO: Run Behavior\BuildLiteBehavior [ RunTime:0.000060s ]
INFO: [ app_init ] --END-- [ RunTime:0.001412s ]
ERR: 无法加载模块:Public

[ 2018-02-23T17:44:35+08:00 ] ::1 /dblog/Public/css/header.css
INFO: [ app_init ] --START--
INFO: Run Behavior\BuildLiteBehavior [ RunTime:0.000253s ]
INFO: [ app_init ] --END-- [ RunTime:0.001800s ]
ERR: 无法加载模块:Public

[ 2018-02-23T17:44:54+08:00 ] ::1 /dblog/Public/css/header.css
INFO: [ app_init ] --START--
INFO: Run Behavior\BuildLiteBehavior [ RunTime:0.000085s ]
INFO: [ app_init ] --END-- [ RunTime:0.001847s ]
ERR: 无法加载模块:Public

[ 2018-02-23T17:44:54+08:00 ] ::1 /dblog/Public/css/footer.css
INFO: [ app_init ] --START--
INFO: Run Behavior\BuildLiteBehavior [ RunTime:0.000063s ]
INFO: [ app_init ] --END-- [ RunTime:0.002464s ]
ERR: 无法加载模块:Public

[ 2018-02-23T17:44:54+08:00 ] ::1 /dblog/Public/css/header.css
INFO: [ app_init ] --START--
INFO: Run Behavior\BuildLiteBehavior [ RunTime:0.000051s ]
INFO: [ app_init ] --END-- [ RunTime:0.000895s ]
ERR: 无法加载模块:Public

[ 2018-02-23T17:49:08+08:00 ] ::1 /dblog/Public/css/header.css
INFO: [ app_init ] --START--
INFO: Run Behavior\BuildLiteBehavior [ RunTime:0.000061s ]
INFO: [ app_init ] --END-- [ RunTime:0.002391s ]
ERR: 无法加载模块:Public

[ 2018-02-23T17:49:08+08:00 ] ::1 /dblog/Public/css/footer.css
INFO: [ app_init ] --START--
INFO: Run Behavior\BuildLiteBehavior [ RunTime:0.000039s ]
INFO: [ app_init ] --END-- [ RunTime:0.000868s ]
ERR: 无法加载模块:Public

[ 2018-02-23T17:51:45+08:00 ] ::1 /dblog/Public/css/header.css
INFO: [ app_init ] --START--
INFO: Run Behavior\BuildLiteBehavior [ RunTime:0.000207s ]
INFO: [ app_init ] --END-- [ RunTime:0.003402s ]
ERR: 无法加载模块:Public

[ 2018-02-23T17:51:45+08:00 ] ::1 /dblog/Public/css/footer.css
INFO: [ app_init ] --START--
INFO: Run Behavior\BuildLiteBehavior [ RunTime:0.000135s ]
INFO: [ app_init ] --END-- [ RunTime:0.003455s ]
ERR: 无法加载模块:Public

[ 2018-02-23T17:51:45+08:00 ] ::1 /dblog/Public/css/header.css
INFO: [ app_init ] --START--
INFO: Run Behavior\BuildLiteBehavior [ RunTime:0.000062s ]
INFO: [ app_init ] --END-- [ RunTime:0.003186s ]
ERR: 无法加载模块:Public

[ 2018-02-23T17:51:56+08:00 ] ::1 /dblog/Public/css/header.css
INFO: [ app_init ] --START--
INFO: Run Behavior\BuildLiteBehavior [ RunTime:0.000082s ]
INFO: [ app_init ] --END-- [ RunTime:0.001948s ]
ERR: 无法加载模块:Public

[ 2018-02-23T17:51:56+08:00 ] ::1 /dblog/Public/css/footer.css
INFO: [ app_init ] --START--
INFO: Run Behavior\BuildLiteBehavior [ RunTime:0.000115s ]
INFO: [ app_init ] --END-- [ RunTime:0.003995s ]
ERR: 无法加载模块:Public

[ 2018-02-23T17:51:56+08:00 ] ::1 /dblog/Public/css/header.css
INFO: [ app_init ] --START--
INFO: Run Behavior\BuildLiteBehavior [ RunTime:0.000057s ]
INFO: [ app_init ] --END-- [ RunTime:0.001274s ]
ERR: 无法加载模块:Public

[ 2018-02-23T17:52:33+08:00 ] ::1 /dblog/Public/css/header.css
INFO: [ app_init ] --START--
INFO: Run Behavior\BuildLiteBehavior [ RunTime:0.000063s ]
INFO: [ app_init ] --END-- [ RunTime:0.001494s ]
ERR: 无法加载模块:Public

[ 2018-02-23T17:52:34+08:00 ] ::1 /dblog/Public/css/footer.css
INFO: [ app_init ] --START--
INFO: Run Behavior\BuildLiteBehavior [ RunTime:0.000058s ]
INFO: [ app_init ] --END-- [ RunTime:0.001080s ]
ERR: 无法加载模块:Public

[ 2018-02-23T17:52:34+08:00 ] ::1 /dblog/Public/css/header.css
INFO: [ app_init ] --START--
INFO: Run Behavior\BuildLiteBehavior [ RunTime:0.000035s ]
INFO: [ app_init ] --END-- [ RunTime:0.000732s ]
ERR: 无法加载模块:Public

[ 2018-02-23T17:52:51+08:00 ] ::1 /dblog/Public/css/header.css
INFO: [ app_init ] --START--
INFO: Run Behavior\BuildLiteBehavior [ RunTime:0.000063s ]
INFO: [ app_init ] --END-- [ RunTime:0.001238s ]
ERR: 无法加载模块:Public

[ 2018-02-23T17:52:51+08:00 ] ::1 /dblog/Public/css/footer.css
INFO: [ app_init ] --START--
INFO: Run Behavior\BuildLiteBehavior [ RunTime:0.000037s ]
INFO: [ app_init ] --END-- [ RunTime:0.001091s ]
ERR: 无法加载模块:Public

[ 2018-02-23T17:52:51+08:00 ] ::1 /dblog/Public/css/header.css
INFO: [ app_init ] --START--
INFO: Run Behavior\BuildLiteBehavior [ RunTime:0.000043s ]
INFO: [ app_init ] --END-- [ RunTime:0.000896s ]
ERR: 无法加载模块:Public

[ 2018-02-23T18:00:30+08:00 ] ::1 /dblog/Public/css/header.css
INFO: [ app_init ] --START--
INFO: Run Behavior\BuildLiteBehavior [ RunTime:0.000062s ]
INFO: [ app_init ] --END-- [ RunTime:0.001507s ]
ERR: 无法加载模块:Public

[ 2018-02-23T18:00:30+08:00 ] ::1 /dblog/Public/css/footer.css
INFO: [ app_init ] --START--
INFO: Run Behavior\BuildLiteBehavior [ RunTime:0.000058s ]
INFO: [ app_init ] --END-- [ RunTime:0.002108s ]
ERR: 无法加载模块:Public

[ 2018-02-23T18:00:30+08:00 ] ::1 /dblog/Public/css/header.css
INFO: [ app_init ] --START--
INFO: Run Behavior\BuildLiteBehavior [ RunTime:0.000058s ]
INFO: [ app_init ] --END-- [ RunTime:0.001361s ]
ERR: 无法加载模块:Public

[ 2018-02-23T18:00:44+08:00 ] ::1 /dblog/Public/css/header.css
INFO: [ app_init ] --START--
INFO: Run Behavior\BuildLiteBehavior [ RunTime:0.000119s ]
INFO: [ app_init ] --END-- [ RunTime:0.002141s ]
ERR: 无法加载模块:Public

[ 2018-02-23T18:00:44+08:00 ] ::1 /dblog/Public/css/footer.css
INFO: [ app_init ] --START--
INFO: Run Behavior\BuildLiteBehavior [ RunTime:0.000063s ]
INFO: [ app_init ] --END-- [ RunTime:0.002354s ]
ERR: 无法加载模块:Public

[ 2018-02-23T18:00:44+08:00 ] ::1 /dblog/Public/pics/0.png
INFO: [ app_init ] --START--
INFO: Run Behavior\BuildLiteBehavior [ RunTime:0.000067s ]
INFO: [ app_init ] --END-- [ RunTime:0.001277s ]
ERR: 无法加载模块:Public

[ 2018-02-23T18:00:44+08:00 ] ::1 /dblog/Public/css/header.css
INFO: [ app_init ] --START--
INFO: Run Behavior\BuildLiteBehavior [ RunTime:0.000032s ]
INFO: [ app_init ] --END-- [ RunTime:0.000675s ]
ERR: 无法加载模块:Public

[ 2018-02-23T18:00:53+08:00 ] ::1 /dblog/Public/css/header.css
INFO: [ app_init ] --START--
INFO: Run Behavior\BuildLiteBehavior [ RunTime:0.000114s ]
INFO: [ app_init ] --END-- [ RunTime:0.002926s ]
ERR: 无法加载模块:Public

[ 2018-02-23T18:00:53+08:00 ] ::1 /dblog/Public/css/footer.css
INFO: [ app_init ] --START--
INFO: Run Behavior\BuildLiteBehavior [ RunTime:0.000061s ]
INFO: [ app_init ] --END-- [ RunTime:0.007222s ]
ERR: 无法加载模块:Public

[ 2018-02-23T18:01:05+08:00 ] ::1 /dblog/Public/css/footer.css
INFO: [ app_init ] --START--
INFO: Run Behavior\BuildLiteBehavior [ RunTime:0.000060s ]
INFO: [ app_init ] --END-- [ RunTime:0.001816s ]
ERR: 无法加载模块:Public

[ 2018-02-23T18:01:05+08:00 ] ::1 /dblog/Public/css/header.css
INFO: [ app_init ] --START--
INFO: Run Behavior\BuildLiteBehavior [ RunTime:0.000062s ]
INFO: [ app_init ] --END-- [ RunTime:0.001262s ]
ERR: 无法加载模块:Public

[ 2018-02-23T18:01:59+08:00 ] ::1 /dblog/Public/css/header.css
INFO: [ app_init ] --START--
INFO: Run Behavior\BuildLiteBehavior [ RunTime:0.000067s ]
INFO: [ app_init ] --END-- [ RunTime:0.001421s ]
ERR: 无法加载模块:Public

[ 2018-02-23T18:01:59+08:00 ] ::1 /dblog/Public/css/footer.css
INFO: [ app_init ] --START--
INFO: Run Behavior\BuildLiteBehavior [ RunTime:0.000045s ]
INFO: [ app_init ] --END-- [ RunTime:0.001052s ]
ERR: 无法加载模块:Public

[ 2018-02-23T18:01:59+08:00 ] ::1 /dblog/Public/css/header.css
INFO: [ app_init ] --START--
INFO: Run Behavior\BuildLiteBehavior [ RunTime:0.000033s ]
INFO: [ app_init ] --END-- [ RunTime:0.000832s ]
ERR: 无法加载模块:Public

[ 2018-02-23T18:02:18+08:00 ] ::1 /dblog/Public/css/header.css
INFO: [ app_init ] --START--
INFO: Run Behavior\BuildLiteBehavior [ RunTime:0.000055s ]
INFO: [ app_init ] --END-- [ RunTime:0.001284s ]
ERR: 无法加载模块:Public

[ 2018-02-23T18:02:18+08:00 ] ::1 /dblog/Public/css/footer.css
INFO: [ app_init ] --START--
INFO: Run Behavior\BuildLiteBehavior [ RunTime:0.000068s ]
INFO: [ app_init ] --END-- [ RunTime:0.001484s ]
ERR: 无法加载模块:Public

[ 2018-02-23T18:03:51+08:00 ] ::1 /dblog/Public/css/header.css
INFO: [ app_init ] --START--
INFO: Run Behavior\BuildLiteBehavior [ RunTime:0.000066s ]
INFO: [ app_init ] --END-- [ RunTime:0.001278s ]
ERR: 无法加载模块:Public

[ 2018-02-23T18:03:51+08:00 ] ::1 /dblog/Public/css/footer.css
INFO: [ app_init ] --START--
INFO: Run Behavior\BuildLiteBehavior [ RunTime:0.000062s ]
INFO: [ app_init ] --END-- [ RunTime:0.001432s ]
ERR: 无法加载模块:Public

[ 2018-02-23T18:03:58+08:00 ] ::1 /dblog/Public/css/footer.css
INFO: [ app_init ] --START--
INFO: Run Behavior\BuildLiteBehavior [ RunTime:0.000064s ]
INFO: [ app_init ] --END-- [ RunTime:0.001350s ]
ERR: 无法加载模块:Public

[ 2018-02-23T18:03:58+08:00 ] ::1 /dblog/Public/css/header.css
INFO: [ app_init ] --START--
INFO: Run Behavior\BuildLiteBehavior [ RunTime:0.000061s ]
INFO: [ app_init ] --END-- [ RunTime:0.001517s ]
ERR: 无法加载模块:Public

[ 2018-02-23T18:04:10+08:00 ] ::1 /dblog/Public/css/header.css
INFO: [ app_init ] --START--
INFO: Run Behavior\BuildLiteBehavior [ RunTime:0.000066s ]
INFO: [ app_init ] --END-- [ RunTime:0.001729s ]
ERR: 无法加载模块:Public

[ 2018-02-23T18:04:10+08:00 ] ::1 /dblog/Public/css/footer.css
INFO: [ app_init ] --START--
INFO: Run Behavior\BuildLiteBehavior [ RunTime:0.000573s ]
INFO: [ app_init ] --END-- [ RunTime:0.004345s ]
ERR: 无法加载模块:Public

[ 2018-02-23T18:04:11+08:00 ] ::1 /dblog/Public/css/header.css
INFO: [ app_init ] --START--
INFO: Run Behavior\BuildLiteBehavior [ RunTime:0.000038s ]
INFO: [ app_init ] --END-- [ RunTime:0.000949s ]
ERR: 无法加载模块:Public

[ 2018-02-23T18:04:13+08:00 ] ::1 /dblog/Public/css/header.css
INFO: [ app_init ] --START--
INFO: Run Behavior\BuildLiteBehavior [ RunTime:0.000064s ]
INFO: [ app_init ] --END-- [ RunTime:0.001151s ]
ERR: 无法加载模块:Public

[ 2018-02-23T18:04:13+08:00 ] ::1 /dblog/Public/css/footer.css
INFO: [ app_init ] --START--
INFO: Run Behavior\BuildLiteBehavior [ RunTime:0.000061s ]
INFO: [ app_init ] --END-- [ RunTime:0.001262s ]
ERR: 无法加载模块:Public

[ 2018-02-23T18:04:13+08:00 ] ::1 /dblog/Public/css/header.css
INFO: [ app_init ] --START--
INFO: Run Behavior\BuildLiteBehavior [ RunTime:0.000036s ]
INFO: [ app_init ] --END-- [ RunTime:0.001060s ]
ERR: 无法加载模块:Public

[ 2018-02-23T18:04:20+08:00 ] ::1 /dblog/Public/css/header.css
INFO: [ app_init ] --START--
INFO: Run Behavior\BuildLiteBehavior [ RunTime:0.000059s ]
INFO: [ app_init ] --END-- [ RunTime:0.001126s ]
ERR: 无法加载模块:Public

[ 2018-02-23T18:04:20+08:00 ] ::1 /dblog/Public/css/footer.css
INFO: [ app_init ] --START--
INFO: Run Behavior\BuildLiteBehavior [ RunTime:0.000066s ]
INFO: [ app_init ] --END-- [ RunTime:0.003248s ]
ERR: 无法加载模块:Public

[ 2018-02-23T18:04:29+08:00 ] ::1 /dblog/Public/css/header.css
INFO: [ app_init ] --START--
INFO: Run Behavior\BuildLiteBehavior [ RunTime:0.000125s ]
INFO: [ app_init ] --END-- [ RunTime:0.004309s ]
ERR: 无法加载模块:Public

[ 2018-02-23T18:04:30+08:00 ] ::1 /dblog/Public/css/footer.css
INFO: [ app_init ] --START--
INFO: Run Behavior\BuildLiteBehavior [ RunTime:0.000124s ]
INFO: [ app_init ] --END-- [ RunTime:0.003229s ]
ERR: 无法加载模块:Public

[ 2018-02-23T18:04:30+08:00 ] ::1 /dblog/Public/css/header.css
INFO: [ app_init ] --START--
INFO: Run Behavior\BuildLiteBehavior [ RunTime:0.000060s ]
INFO: [ app_init ] --END-- [ RunTime:0.001282s ]
ERR: 无法加载模块:Public

[ 2018-02-23T18:05:48+08:00 ] ::1 /dblog/Public/css/header.css
INFO: [ app_init ] --START--
INFO: Run Behavior\BuildLiteBehavior [ RunTime:0.000079s ]
INFO: [ app_init ] --END-- [ RunTime:0.002254s ]
ERR: 无法加载模块:Public

[ 2018-02-23T18:05:48+08:00 ] ::1 /dblog/Public/css/footer.css
INFO: [ app_init ] --START--
INFO: Run Behavior\BuildLiteBehavior [ RunTime:0.000494s ]
INFO: [ app_init ] --END-- [ RunTime:0.005807s ]
ERR: 无法加载模块:Public

[ 2018-02-23T18:05:48+08:00 ] ::1 /dblog/Public/css/header.css
INFO: [ app_init ] --START--
INFO: Run Behavior\BuildLiteBehavior [ RunTime:0.000033s ]
INFO: [ app_init ] --END-- [ RunTime:0.000801s ]
ERR: 无法加载模块:Public

[ 2018-02-23T18:13:12+08:00 ] ::1 /dblog/Public/css/header.css
INFO: [ app_init ] --START--
INFO: Run Behavior\BuildLiteBehavior [ RunTime:0.000283s ]
INFO: [ app_init ] --END-- [ RunTime:0.003792s ]
ERR: 无法加载模块:Public

[ 2018-02-23T18:13:13+08:00 ] ::1 /dblog/Public/css/footer.css
INFO: [ app_init ] --START--
INFO: Run Behavior\BuildLiteBehavior [ RunTime:0.000199s ]
INFO: [ app_init ] --END-- [ RunTime:0.003483s ]
ERR: 无法加载模块:Public

[ 2018-02-23T18:13:13+08:00 ] ::1 /dblog/Public/css/header.css
INFO: [ app_init ] --START--
INFO: Run Behavior\BuildLiteBehavior [ RunTime:0.000033s ]
INFO: [ app_init ] --END-- [ RunTime:0.000801s ]
ERR: 无法加载模块:Public

[ 2018-02-23T18:16:55+08:00 ] ::1 /dblog/Public/css/header.css
INFO: [ app_init ] --START--
INFO: Run Behavior\BuildLiteBehavior [ RunTime:0.000062s ]
INFO: [ app_init ] --END-- [ RunTime:0.001268s ]
ERR: 无法加载模块:Public

[ 2018-02-23T18:16:55+08:00 ] ::1 /dblog/Public/css/footer.css
INFO: [ app_init ] --START--
INFO: Run Behavior\BuildLiteBehavior [ RunTime:0.000355s ]
INFO: [ app_init ] --END-- [ RunTime:0.009790s ]
ERR: 无法加载模块:Public

[ 2018-02-23T18:16:55+08:00 ] ::1 /dblog/Public/css/header.css
INFO: [ app_init ] --START--
INFO: Run Behavior\BuildLiteBehavior [ RunTime:0.000031s ]
INFO: [ app_init ] --END-- [ RunTime:0.000714s ]
ERR: 无法加载模块:Public

[ 2018-02-23T18:17:12+08:00 ] ::1 /dblog/Public/css/header.css
INFO: [ app_init ] --START--
INFO: Run Behavior\BuildLiteBehavior [ RunTime:0.000058s ]
INFO: [ app_init ] --END-- [ RunTime:0.001216s ]
ERR: 无法加载模块:Public

[ 2018-02-23T18:17:12+08:00 ] ::1 /dblog/Public/css/footer.css
INFO: [ app_init ] --START--
INFO: Run Behavior\BuildLiteBehavior [ RunTime:0.001474s ]
INFO: [ app_init ] --END-- [ RunTime:0.006822s ]
ERR: 无法加载模块:Public

[ 2018-02-23T18:17:12+08:00 ] ::1 /dblog/Public/css/header.css
INFO: [ app_init ] --START--
INFO: Run Behavior\BuildLiteBehavior [ RunTime:0.000081s ]
INFO: [ app_init ] --END-- [ RunTime:0.001406s ]
ERR: 无法加载模块:Public

[ 2018-02-23T18:17:21+08:00 ] ::1 /dblog/Public/css/header.css
INFO: [ app_init ] --START--
INFO: Run Behavior\BuildLiteBehavior [ RunTime:0.000062s ]
INFO: [ app_init ] --END-- [ RunTime:0.001331s ]
ERR: 无法加载模块:Public

[ 2018-02-23T18:17:21+08:00 ] ::1 /dblog/Public/css/footer.css
INFO: [ app_init ] --START--
INFO: Run Behavior\BuildLiteBehavior [ RunTime:0.000089s ]
INFO: [ app_init ] --END-- [ RunTime:0.001647s ]
ERR: 无法加载模块:Public

[ 2018-02-23T18:18:26+08:00 ] ::1 /dblog/Public/css/header.css
INFO: [ app_init ] --START--
INFO: Run Behavior\BuildLiteBehavior [ RunTime:0.000061s ]
INFO: [ app_init ] --END-- [ RunTime:0.001478s ]
ERR: 无法加载模块:Public

[ 2018-02-23T18:18:26+08:00 ] ::1 /dblog/Public/css/footer.css
INFO: [ app_init ] --START--
INFO: Run Behavior\BuildLiteBehavior [ RunTime:0.000064s ]
INFO: [ app_init ] --END-- [ RunTime:0.002883s ]
ERR: 无法加载模块:Public

[ 2018-02-23T18:18:26+08:00 ] ::1 /dblog/Public/css/header.css
INFO: [ app_init ] --START--
INFO: Run Behavior\BuildLiteBehavior [ RunTime:0.000064s ]
INFO: [ app_init ] --END-- [ RunTime:0.001473s ]
ERR: 无法加载模块:Public

[ 2018-02-23T20:15:28+08:00 ] ::1 /DBLOG/Public/pics/$vo['headshot_id'].png
INFO: [ app_init ] --START--
INFO: Run Behavior\BuildLiteBehavior [ RunTime:0.000059s ]
INFO: [ app_init ] --END-- [ RunTime:0.002131s ]
ERR: 无法加载模块:Public

[ 2018-02-23T20:15:53+08:00 ] ::1 /DBLOG/Public/pics/$vo['headshot_id'].png
INFO: [ app_init ] --START--
INFO: Run Behavior\BuildLiteBehavior [ RunTime:0.000358s ]
INFO: [ app_init ] --END-- [ RunTime:0.005331s ]
ERR: 无法加载模块:Public

[ 2018-02-23T20:15:53+08:00 ] ::1 /DBLOG/Public/pics/$vo['headshot_id'].png
INFO: [ app_init ] --START--
INFO: Run Behavior\BuildLiteBehavior [ RunTime:0.000071s ]
INFO: [ app_init ] --END-- [ RunTime:0.001663s ]
ERR: 无法加载模块:Public

[ 2018-02-23T20:16:25+08:00 ] ::1 /DBLOG/Public/pics/$vo['headshot_id'].png
INFO: [ app_init ] --START--
INFO: Run Behavior\BuildLiteBehavior [ RunTime:0.000077s ]
INFO: [ app_init ] --END-- [ RunTime:0.001671s ]
ERR: 无法加载模块:Public

